<?xml version="1.0" encoding="UTF-8"?>
<testsuite xmlns:xsi="http://www.w3.org/2001/XMLSchema-instance" xsi:noNamespaceSchemaLocation="https://maven.apache.org/surefire/maven-surefire-plugin/xsd/surefire-test-report.xsd" name="com.example.restapi.RestApiApplicationTests" time="2.229" tests="1" errors="0" skipped="0" failures="0">
  <properties>
    <property name="sun.desktop" value="windows"/>
    <property name="awt.toolkit" value="sun.awt.windows.WToolkit"/>
    <property name="java.specification.version" value="11"/>
    <property name="sun.cpu.isalist" value="amd64"/>
    <property name="sun.jnu.encoding" value="Cp1251"/>
    <property name="java.class.path" value="D:\Spring\rest-api\target\test-classes;D:\Spring\rest-api\target\classes;D:\localRepository\org\springframework\boot\spring-boot-starter-web\2.5.9\spring-boot-starter-web-2.5.9.jar;D:\localRepository\org\springframework\boot\spring-boot-starter\2.5.9\spring-boot-starter-2.5.9.jar;D:\localRepository\org\springframework\boot\spring-boot\2.5.9\spring-boot-2.5.9.jar;D:\localRepository\org\springframework\boot\spring-boot-autoconfigure\2.5.9\spring-boot-autoconfigure-2.5.9.jar;D:\localRepository\org\springframework\boot\spring-boot-starter-logging\2.5.9\spring-boot-starter-logging-2.5.9.jar;D:\localRepository\ch\qos\logback\logback-classic\1.2.10\logback-classic-1.2.10.jar;D:\localRepository\ch\qos\logback\logback-core\1.2.10\logback-core-1.2.10.jar;D:\localRepository\org\apache\logging\log4j\log4j-to-slf4j\2.17.1\log4j-to-slf4j-2.17.1.jar;D:\localRepository\org\apache\logging\log4j\log4j-api\2.17.1\log4j-api-2.17.1.jar;D:\localRepository\org\slf4j\jul-to-slf4j\1.7.33\jul-to-slf4j-1.7.33.jar;D:\localRepository\jakarta\annotation\jakarta.annotation-api\1.3.5\jakarta.annotation-api-1.3.5.jar;D:\localRepository\org\yaml\snakeyaml\1.28\snakeyaml-1.28.jar;D:\localRepository\org\springframework\boot\spring-boot-starter-json\2.5.9\spring-boot-starter-json-2.5.9.jar;D:\localRepository\com\fasterxml\jackson\core\jackson-databind\2.12.6\jackson-databind-2.12.6.jar;D:\localRepository\com\fasterxml\jackson\core\jackson-annotations\2.12.6\jackson-annotations-2.12.6.jar;D:\localRepository\com\fasterxml\jackson\core\jackson-core\2.12.6\jackson-core-2.12.6.jar;D:\localRepository\com\fasterxml\jackson\datatype\jackson-datatype-jdk8\2.12.6\jackson-datatype-jdk8-2.12.6.jar;D:\localRepository\com\fasterxml\jackson\datatype\jackson-datatype-jsr310\2.12.6\jackson-datatype-jsr310-2.12.6.jar;D:\localRepository\com\fasterxml\jackson\module\jackson-module-parameter-names\2.12.6\jackson-module-parameter-names-2.12.6.jar;D:\localRepository\org\springframework\boot\spring-boot-starter-tomcat\2.5.9\spring-boot-starter-tomcat-2.5.9.jar;D:\localRepository\org\apache\tomcat\embed\tomcat-embed-core\9.0.56\tomcat-embed-core-9.0.56.jar;D:\localRepository\org\apache\tomcat\embed\tomcat-embed-el\9.0.56\tomcat-embed-el-9.0.56.jar;D:\localRepository\org\apache\tomcat\embed\tomcat-embed-websocket\9.0.56\tomcat-embed-websocket-9.0.56.jar;D:\localRepository\org\springframework\spring-web\5.3.15\spring-web-5.3.15.jar;D:\localRepository\org\springframework\spring-beans\5.3.15\spring-beans-5.3.15.jar;D:\localRepository\org\springframework\spring-webmvc\5.3.15\spring-webmvc-5.3.15.jar;D:\localRepository\org\springframework\spring-aop\5.3.15\spring-aop-5.3.15.jar;D:\localRepository\org\springframework\spring-context\5.3.15\spring-context-5.3.15.jar;D:\localRepository\org\springframework\spring-expression\5.3.15\spring-expression-5.3.15.jar;D:\localRepository\org\projectlombok\lombok\1.18.22\lombok-1.18.22.jar;D:\localRepository\org\springframework\boot\spring-boot-starter-test\2.5.9\spring-boot-starter-test-2.5.9.jar;D:\localRepository\org\springframework\boot\spring-boot-test\2.5.9\spring-boot-test-2.5.9.jar;D:\localRepository\org\springframework\boot\spring-boot-test-autoconfigure\2.5.9\spring-boot-test-autoconfigure-2.5.9.jar;D:\localRepository\com\jayway\jsonpath\json-path\2.5.0\json-path-2.5.0.jar;D:\localRepository\net\minidev\json-smart\2.4.7\json-smart-2.4.7.jar;D:\localRepository\net\minidev\accessors-smart\2.4.7\accessors-smart-2.4.7.jar;D:\localRepository\org\ow2\asm\asm\9.1\asm-9.1.jar;D:\localRepository\org\slf4j\slf4j-api\1.7.33\slf4j-api-1.7.33.jar;D:\localRepository\jakarta\xml\bind\jakarta.xml.bind-api\2.3.3\jakarta.xml.bind-api-2.3.3.jar;D:\localRepository\jakarta\activation\jakarta.activation-api\1.2.2\jakarta.activation-api-1.2.2.jar;D:\localRepository\org\assertj\assertj-core\3.19.0\assertj-core-3.19.0.jar;D:\localRepository\org\hamcrest\hamcrest\2.2\hamcrest-2.2.jar;D:\localRepository\org\junit\jupiter\junit-jupiter\5.7.2\junit-jupiter-5.7.2.jar;D:\localRepository\org\junit\jupiter\junit-jupiter-api\5.7.2\junit-jupiter-api-5.7.2.jar;D:\localRepository\org\apiguardian\apiguardian-api\1.1.0\apiguardian-api-1.1.0.jar;D:\localRepository\org\opentest4j\opentest4j\1.2.0\opentest4j-1.2.0.jar;D:\localRepository\org\junit\platform\junit-platform-commons\1.7.2\junit-platform-commons-1.7.2.jar;D:\localRepository\org\junit\jupiter\junit-jupiter-params\5.7.2\junit-jupiter-params-5.7.2.jar;D:\localRepository\org\junit\jupiter\junit-jupiter-engine\5.7.2\junit-jupiter-engine-5.7.2.jar;D:\localRepository\org\junit\platform\junit-platform-engine\1.7.2\junit-platform-engine-1.7.2.jar;D:\localRepository\org\mockito\mockito-core\3.9.0\mockito-core-3.9.0.jar;D:\localRepository\net\bytebuddy\byte-buddy\1.10.22\byte-buddy-1.10.22.jar;D:\localRepository\net\bytebuddy\byte-buddy-agent\1.10.22\byte-buddy-agent-1.10.22.jar;D:\localRepository\org\objenesis\objenesis\3.2\objenesis-3.2.jar;D:\localRepository\org\mockito\mockito-junit-jupiter\3.9.0\mockito-junit-jupiter-3.9.0.jar;D:\localRepository\org\skyscreamer\jsonassert\1.5.0\jsonassert-1.5.0.jar;D:\localRepository\com\vaadin\external\google\android-json\0.0.20131108.vaadin1\android-json-0.0.20131108.vaadin1.jar;D:\localRepository\org\springframework\spring-core\5.3.15\spring-core-5.3.15.jar;D:\localRepository\org\springframework\spring-jcl\5.3.15\spring-jcl-5.3.15.jar;D:\localRepository\org\springframework\spring-test\5.3.15\spring-test-5.3.15.jar;D:\localRepository\org\xmlunit\xmlunit-core\2.8.4\xmlunit-core-2.8.4.jar;"/>
    <property name="java.vm.vendor" value="Oracle Corporation"/>
    <property name="sun.arch.data.model" value="64"/>
    <property name="user.variant" value=""/>
    <property name="java.vendor.url" value="https://openjdk.java.net/"/>
    <property name="user.timezone" value="GMT+06:00"/>
    <property name="java.vm.specification.version" value="11"/>
    <property name="os.name" value="Windows 10"/>
    <property name="sun.java.launcher" value="SUN_STANDARD"/>
    <property name="user.country" value="RU"/>
    <property name="sun.boot.library.path" value="C:\Program Files\Java\jdk-11.0.13\bin"/>
    <property name="sun.java.command" value="C:\Users\PROFES~1\AppData\Local\Temp\surefire12739143729262646534\surefirebooter6775960178656984100.jar C:\Users\Professional\AppData\Local\Temp\surefire12739143729262646534 2022-01-25T12-43-07_885-jvmRun1 surefire3532053090059288371tmp surefire_013418511877780586718tmp"/>
    <property name="jdk.debug" value="release"/>
    <property name="surefire.test.class.path" value="D:\Spring\rest-api\target\test-classes;D:\Spring\rest-api\target\classes;D:\localRepository\org\springframework\boot\spring-boot-starter-web\2.5.9\spring-boot-starter-web-2.5.9.jar;D:\localRepository\org\springframework\boot\spring-boot-starter\2.5.9\spring-boot-starter-2.5.9.jar;D:\localRepository\org\springframework\boot\spring-boot\2.5.9\spring-boot-2.5.9.jar;D:\localRepository\org\springframework\boot\spring-boot-autoconfigure\2.5.9\spring-boot-autoconfigure-2.5.9.jar;D:\localRepository\org\springframework\boot\spring-boot-starter-logging\2.5.9\spring-boot-starter-logging-2.5.9.jar;D:\localRepository\ch\qos\logback\logback-classic\1.2.10\logback-classic-1.2.10.jar;D:\localRepository\ch\qos\logback\logback-core\1.2.10\logback-core-1.2.10.jar;D:\localRepository\org\apache\logging\log4j\log4j-to-slf4j\2.17.1\log4j-to-slf4j-2.17.1.jar;D:\localRepository\org\apache\logging\log4j\log4j-api\2.17.1\log4j-api-2.17.1.jar;D:\localRepository\org\slf4j\jul-to-slf4j\1.7.33\jul-to-slf4j-1.7.33.jar;D:\localRepository\jakarta\annotation\jakarta.annotation-api\1.3.5\jakarta.annotation-api-1.3.5.jar;D:\localRepository\org\yaml\snakeyaml\1.28\snakeyaml-1.28.jar;D:\localRepository\org\springframework\boot\spring-boot-starter-json\2.5.9\spring-boot-starter-json-2.5.9.jar;D:\localRepository\com\fasterxml\jackson\core\jackson-databind\2.12.6\jackson-databind-2.12.6.jar;D:\localRepository\com\fasterxml\jackson\core\jackson-annotations\2.12.6\jackson-annotations-2.12.6.jar;D:\localRepository\com\fasterxml\jackson\core\jackson-core\2.12.6\jackson-core-2.12.6.jar;D:\localRepository\com\fasterxml\jackson\datatype\jackson-datatype-jdk8\2.12.6\jackson-datatype-jdk8-2.12.6.jar;D:\localRepository\com\fasterxml\jackson\datatype\jackson-datatype-jsr310\2.12.6\jackson-datatype-jsr310-2.12.6.jar;D:\localRepository\com\fasterxml\jackson\module\jackson-module-parameter-names\2.12.6\jackson-module-parameter-names-2.12.6.jar;D:\localRepository\org\springframework\boot\spring-boot-starter-tomcat\2.5.9\spring-boot-starter-tomcat-2.5.9.jar;D:\localRepository\org\apache\tomcat\embed\tomcat-embed-core\9.0.56\tomcat-embed-core-9.0.56.jar;D:\localRepository\org\apache\tomcat\embed\tomcat-embed-el\9.0.56\tomcat-embed-el-9.0.56.jar;D:\localRepository\org\apache\tomcat\embed\tomcat-embed-websocket\9.0.56\tomcat-embed-websocket-9.0.56.jar;D:\localRepository\org\springframework\spring-web\5.3.15\spring-web-5.3.15.jar;D:\localRepository\org\springframework\spring-beans\5.3.15\spring-beans-5.3.15.jar;D:\localRepository\org\springframework\spring-webmvc\5.3.15\spring-webmvc-5.3.15.jar;D:\localRepository\org\springframework\spring-aop\5.3.15\spring-aop-5.3.15.jar;D:\localRepository\org\springframework\spring-context\5.3.15\spring-context-5.3.15.jar;D:\localRepository\org\springframework\spring-expression\5.3.15\spring-expression-5.3.15.jar;D:\localRepository\org\projectlombok\lombok\1.18.22\lombok-1.18.22.jar;D:\localRepository\org\springframework\boot\spring-boot-starter-test\2.5.9\spring-boot-starter-test-2.5.9.jar;D:\localRepository\org\springframework\boot\spring-boot-test\2.5.9\spring-boot-test-2.5.9.jar;D:\localRepository\org\springframework\boot\spring-boot-test-autoconfigure\2.5.9\spring-boot-test-autoconfigure-2.5.9.jar;D:\localRepository\com\jayway\jsonpath\json-path\2.5.0\json-path-2.5.0.jar;D:\localRepository\net\minidev\json-smart\2.4.7\json-smart-2.4.7.jar;D:\localRepository\net\minidev\accessors-smart\2.4.7\accessors-smart-2.4.7.jar;D:\localRepository\org\ow2\asm\asm\9.1\asm-9.1.jar;D:\localRepository\org\slf4j\slf4j-api\1.7.33\slf4j-api-1.7.33.jar;D:\localRepository\jakarta\xml\bind\jakarta.xml.bind-api\2.3.3\jakarta.xml.bind-api-2.3.3.jar;D:\localRepository\jakarta\activation\jakarta.activation-api\1.2.2\jakarta.activation-api-1.2.2.jar;D:\localRepository\org\assertj\assertj-core\3.19.0\assertj-core-3.19.0.jar;D:\localRepository\org\hamcrest\hamcrest\2.2\hamcrest-2.2.jar;D:\localRepository\org\junit\jupiter\junit-jupiter\5.7.2\junit-jupiter-5.7.2.jar;D:\localRepository\org\junit\jupiter\junit-jupiter-api\5.7.2\junit-jupiter-api-5.7.2.jar;D:\localRepository\org\apiguardian\apiguardian-api\1.1.0\apiguardian-api-1.1.0.jar;D:\localRepository\org\opentest4j\opentest4j\1.2.0\opentest4j-1.2.0.jar;D:\localRepository\org\junit\platform\junit-platform-commons\1.7.2\junit-platform-commons-1.7.2.jar;D:\localRepository\org\junit\jupiter\junit-jupiter-params\5.7.2\junit-jupiter-params-5.7.2.jar;D:\localRepository\org\junit\jupiter\junit-jupiter-engine\5.7.2\junit-jupiter-engine-5.7.2.jar;D:\localRepository\org\junit\platform\junit-platform-engine\1.7.2\junit-platform-engine-1.7.2.jar;D:\localRepository\org\mockito\mockito-core\3.9.0\mockito-core-3.9.0.jar;D:\localRepository\net\bytebuddy\byte-buddy\1.10.22\byte-buddy-1.10.22.jar;D:\localRepository\net\bytebuddy\byte-buddy-agent\1.10.22\byte-buddy-agent-1.10.22.jar;D:\localRepository\org\objenesis\objenesis\3.2\objenesis-3.2.jar;D:\localRepository\org\mockito\mockito-junit-jupiter\3.9.0\mockito-junit-jupiter-3.9.0.jar;D:\localRepository\org\skyscreamer\jsonassert\1.5.0\jsonassert-1.5.0.jar;D:\localRepository\com\vaadin\external\google\android-json\0.0.20131108.vaadin1\android-json-0.0.20131108.vaadin1.jar;D:\localRepository\org\springframework\spring-core\5.3.15\spring-core-5.3.15.jar;D:\localRepository\org\springframework\spring-jcl\5.3.15\spring-jcl-5.3.15.jar;D:\localRepository\org\springframework\spring-test\5.3.15\spring-test-5.3.15.jar;D:\localRepository\org\xmlunit\xmlunit-core\2.8.4\xmlunit-core-2.8.4.jar;"/>
    <property name="sun.cpu.endian" value="little"/>
    <property name="user.home" value="C:\Users\Professional"/>
    <property name="user.language" value="ru"/>
    <property name="java.specification.vendor" value="Oracle Corporation"/>
    <property name="java.version.date" value="2021-10-19"/>
    <property name="java.home" value="C:\Program Files\Java\jdk-11.0.13"/>
    <property name="file.separator" value="\"/>
    <property name="basedir" value="D:\Spring\rest-api"/>
    <property name="java.vm.compressedOopsMode" value="Zero based"/>
    <property name="line.separator" value="&#10;"/>
    <property name="java.specification.name" value="Java Platform API Specification"/>
    <property name="java.vm.specification.vendor" value="Oracle Corporation"/>
    <property name="java.awt.graphicsenv" value="sun.awt.Win32GraphicsEnvironment"/>
    <property name="surefire.real.class.path" value="C:\Users\PROFES~1\AppData\Local\Temp\surefire12739143729262646534\surefirebooter6775960178656984100.jar"/>
    <property name="user.script" value=""/>
    <property name="sun.management.compiler" value="HotSpot 64-Bit Tiered Compilers"/>
    <property name="java.runtime.version" value="11.0.13+10-LTS-370"/>
    <property name="user.name" value="Professional"/>
    <property name="path.separator" value=";"/>
    <property name="os.version" value="10.0"/>
    <property name="java.runtime.name" value="Java(TM) SE Runtime Environment"/>
    <property name="file.encoding" value="Cp1251"/>
    <property name="java.vm.name" value="Java HotSpot(TM) 64-Bit Server VM"/>
    <property name="idea.version2020.1" value="true"/>
    <property name="java.vendor.version" value="18.9"/>
    <property name="localRepository" value="D:\localRepository"/>
    <property name="java.vendor.url.bug" value="https://bugreport.java.com/bugreport/"/>
    <property name="java.io.tmpdir" value="C:\Users\PROFES~1\AppData\Local\Temp\"/>
    <property name="java.version" value="11.0.13"/>
    <property name="user.dir" value="D:\Spring\rest-api"/>
    <property name="os.arch" value="amd64"/>
    <property name="java.vm.specification.name" value="Java Virtual Machine Specification"/>
    <property name="java.awt.printerjob" value="sun.awt.windows.WPrinterJob"/>
    <property name="sun.os.patch.level" value=""/>
    <property name="java.library.path" value="C:\Program Files\Java\jdk-11.0.13\bin;C:\Windows\Sun\Java\bin;C:\Windows\system32;C:\Windows;C:\Program Files\Common Files\Oracle\Java\javapath;C:\Program Files (x86)\Common Files\Oracle\Java\javapath;C:\Program Files (x86)\NVIDIA Corporation\PhysX\Common;C:\Windows\system32;C:\Windows;C:\Windows\System32\Wbem;C:\Windows\System32\WindowsPowerShell\v1.0\;C:\Windows\System32\OpenSSH\;C:\Program Files\Git\cmd;C:\Program Files\driver;C:\Program Files\Java\jdk1.8.0_202\bin;C:\Program Files\maven\apache-maven-3.8.3\bin;C:\Program Files (x86)\Bitvise SSH Client;C:\Program Files\nodejs\;C:\Users\Professional\AppData\Local\Microsoft\WindowsApps;;C:\Users\Professional\AppData\Local\Programs\Microsoft VS Code\bin;C:\Users\Professional\AppData\Roaming\npm;."/>
    <property name="java.vendor" value="Oracle Corporation"/>
    <property name="java.vm.info" value="mixed mode"/>
    <property name="java.vm.version" value="11.0.13+10-LTS-370"/>
    <property name="sun.io.unicode.encoding" value="UnicodeLittle"/>
    <property name="java.class.version" value="55.0"/>
  </properties>
  <testcase name="contextLoads" classname="com.example.restapi.RestApiApplicationTests" time="0.33"/>
</testsuite>